com.yoosee/proguard.cfg
-optimizationpasses 5
-dontusemixedcaseclassnames
-dontskipnonpubliclibraryclasses
-dontpreverify
-verbose
-optimizations !code/simplification/arithmetic,!field/*,!class/merging/*

-keep public class * extends android.app.Activity
-keep public class * extends android.app.Application
-keep public class * extends android.app.Service
-keep public class * extends android.content.BroadcastReceiver
-keep public class * extends android.content.ContentProvider
-keep public class * extends android.app.backup.BackupAgentHelper
-keep public class * extends android.preference.Preference
-keep public class com.android.vending.licensing.ILicensingService
-keep public class com.p2p.core.MediaPlayer
-keep public class com.p2p.core.VideoView

-keepclasseswithmembernames class * {
    native <methods>;
}

-keepclasseswithmembers class * {
    public <init>(android.content.Context, android.util.AttributeSet);
}

-keepclasseswithmembers class * {
    public <init>(android.content.Context, android.util.AttributeSet, int);
}

-keepclassmembers class * extends android.app.Activity {
   public void *(android.view.View);
}

-keepclassmembers enum * {
    public static **[] values();
    public static ** valueOf(java.lang.String);
}

-keep class * implements android.os.Parcelable {
  public static final android.os.Parcelable$Creator *;
}

-keep public class com.p2p.core.MediaPlayer{
	public private <methods>;
	private int mNativeContext;
}

-keep public class com.p2p.core.VideoView{
	public private <methods>;
}

-libraryjars /android-support-v4.jar 
-dontwarn android.support.v4.** 
-keep class android.support.v4.** { *; } 
-keep public class * extends android.support.v4.** 
-keep public class * extends android.app.Fragment

-libraryjars /pinyin4j-2.5.0.jar 
-dontwarn pinyin4j-2.5.0.** 
-dontwarn javax.swing.** 
-dontwarn java.awt.** 
-dontwarn demo.**
-keep class pinyin4j-2.5.0.** { *; } 
-keep public class * extends pinyin4j-2.5.0.** 

-ignorewarnings
-libraryjars libs/universal-image-loader-1.9.3.jar 
 