com.yoosee/proguard/seeds.txt
android.support.v4.app.NotificationCompatJellybean
android.support.v4.app.NotificationCompatJellybean: java.lang.String TAG
android.support.v4.app.NotificationCompatJellybean: java.lang.String EXTRA_LOCAL_ONLY
android.support.v4.app.NotificationCompatJellybean: java.lang.String EXTRA_ACTION_EXTRAS
android.support.v4.app.NotificationCompatJellybean: java.lang.String EXTRA_REMOTE_INPUTS
android.support.v4.app.NotificationCompatJellybean: java.lang.String EXTRA_GROUP_KEY
android.support.v4.app.NotificationCompatJellybean: java.lang.String EXTRA_GROUP_SUMMARY
android.support.v4.app.NotificationCompatJellybean: java.lang.String EXTRA_SORT_KEY
android.support.v4.app.NotificationCompatJellybean: java.lang.String EXTRA_USE_SIDE_CHANNEL
android.support.v4.app.NotificationCompatJellybean: java.lang.String KEY_ICON
android.support.v4.app.NotificationCompatJellybean: java.lang.String KEY_TITLE
android.support.v4.app.NotificationCompatJellybean: java.lang.String KEY_ACTION_INTENT
android.support.v4.app.NotificationCompatJellybean: java.lang.String KEY_EXTRAS
android.support.v4.app.NotificationCompatJellybean: java.lang.String KEY_REMOTE_INPUTS
android.support.v4.app.NotificationCompatJellybean: java.lang.Object sExtrasLock
android.support.v4.app.NotificationCompatJellybean: java.lang.reflect.Field sExtrasField
android.support.v4.app.NotificationCompatJellybean: boolean sExtrasFieldAccessFailed
android.support.v4.app.NotificationCompatJellybean$Builder
android.support.v4.app.NotificationCompatJellybean$Builder: android.app.Notification$Builder b
android.support.v4.app.NotificationCompatJellybean$Builder: android.os.Bundle mExtras
android.support.v4.app.NotificationCompatJellybean$Builder: java.util.List mActionExtrasList
android.support.v4.app.NotificationCompatJellybean$Builder: NotificationCompatJellybean$Builder(android.content.Context,android.app.Notification,java.lang.CharSequence,java.lang.CharSequence,java.lang.CharSequence,android.widget.RemoteViews,int,android.app.PendingIntent,android.app.PendingIntent,android.graphics.Bitmap,int,int,boolean,boolean,int,java.lang.CharSequence,boolean,android.os.Bundle,java.lang.String,boolean,java.lang.String)
android.support.v4.app.NotificationCompatJellybean$Builder: void addAction(android.support.v4.app.NotificationCompatBase$Action)
android.support.v4.app.NotificationCompatJellybean$Builder: android.app.Notification$Builder getBuilder()
android.support.v4.app.NotificationCompatJellybean$Builder: android.app.Notification build()
android.support.v4.app.NotificationCompatKitKat
android.support.v4.app.NotificationCompatKitKat: NotificationCompatKitKat()
android.support.v4.app.NotificationCompatKitKat: android.os.Bundle getExtras(android.app.Notification)
android.support.v4.app.NotificationCompatKitKat: int getActionCount(android.app.Notification)
android.support.v4.app.NotificationCompatKitKat: android.support.v4.app.NotificationCompatBase$Action getAction(android.app.Notification,int,android.support.v4.app.NotificationCompatBase$Action$Factory,android.support.v4.app.RemoteInputCompatBase$RemoteInput$Factory)
android.support.v4.app.NotificationCompatKitKat: boolean getLocalOnly(android.app.Notification)
android.support.v4.app.NotificationCompatKitKat: java.lang.String getGroup(android.app.Notification)
android.support.v4.app.NotificationCompatKitKat: boolean isGroupSummary(android.app.Notification)
android.support.v4.app.NotificationCompatKitKat: java.lang.String getSortKey(android.app.Notification)