com.yoosee/proguard/mapping.txt
com.yoosee.R -> com.c.a:
com.yoosee.R$styleable -> com.c.b:
    int[] DrableButton -> a
    int[] GlowPadView -> b
    int[] ImageviewTextView -> c
    int[] PullToRefresh -> d
    int[] RoundAngleImageView -> e
...
com.jwkj.adapter.LocalDeviceListAdapter$1 -> com.jwkj.adapter.ac:
    com.jwkj.adapter.LocalDeviceListAdapter this$0 -> a
    com.jwkj.entity.LocalDevice val$localDevice -> b
    void onClick(android.view.View) -> onClick
com.jwkj.adapter.MainAdapter -> com.jwkj.adapter.ad:
    android.content.Context context -> a
    com.jwkj.fragment.ContactFrag cf -> f
    android.os.Handler handler -> b
    java.util.List doorbells -> c
    java.util.Map idMaps -> d
    int count -> g
    int SumCount -> h
    com.jwkj.adapter.MainAdapter$onConnectListner listner -> e
    int getCount() -> getCount
    long getItemId(int) -> getItemId
    int getItemViewType(int) -> getItemViewType
    int getViewTypeCount() -> getViewTypeCount
    android.view.View getView(int,android.view.View,android.view.ViewGroup) -> getView
    void getBindAlarmId(java.lang.String) -> a
    void setBindAlarmId(java.lang.String,java.lang.String[]) -> a
    void setBindAlarmId(java.lang.String) -> b
    void setBindAlarmIdSuccess(java.lang.String) -> c
    void notifyDataSetChanged() -> notifyDataSetChanged
    void setOnSrttingListner(com.jwkj.adapter.MainAdapter$onConnectListner) -> a
    java.lang.Object getItem(int) -> getItem
    void access$1(com.jwkj.adapter.MainAdapter,com.jwkj.data.Contact) -> a
    void access$2(com.jwkj.adapter.MainAdapter,com.jwkj.data.Contact) -> b
    void access$3(com.jwkj.adapter.MainAdapter,com.jwkj.data.Contact) -> c
    void access$4(com.jwkj.adapter.MainAdapter,com.jwkj.data.Contact) -> d
com.jwkj.adapter.MainAdapter$1 -> com.jwkj.adapter.ae:
    com.jwkj.adapter.MainAdapter this$0 -> a
    boolean handleMessage(android.os.Message) -> handleMessage
com.jwkj.adapter.MainAdapter$10 -> com.jwkj.adapter.af:
    com.jwkj.adapter.MainAdapter this$0 -> a
    com.jwkj.data.Contact val$contact -> b
    void onClick(android.view.View) -> onClick
com.jwkj.adapter.MainAdapter$11 -> com.jwkj.adapter.ag:
    com.jwkj.adapter.MainAdapter this$0 -> a
    com.jwkj.data.Contact val$contact -> b
    void onClick(android.view.View) -> onClick
com.jwkj.adapter.MainAdapter$12 -> com.jwkj.adapter.ah:
    com.jwkj.adapter.MainAdapter this$0 -> a
    com.jwkj.data.Contact val$contact -> b
    void onClick(android.view.View) -> onClick
com.jwkj.adapter.MainAdapter$13 -> com.jwkj.adapter.ai:
    com.jwkj.adapter.MainAdapter this$0 -> a
    com.jwkj.data.Contact val$contact -> b
    void onClick(android.view.View) -> onClick
com.jwkj.adapter.MainAdapter$14 -> com.jwkj.adapter.aj:
    com.jwkj.adapter.MainAdapter this$0 -> a
    com.jwkj.data.Contact val$contact -> b
    void onClick(android.view.View) -> onClick
com.jwkj.adapter.MainAdapter$15 -> com.jwkj.adapter.ak:
    com.jwkj.adapter.MainAdapter this$0 -> a
    com.jwkj.data.Contact val$contact -> b
    void onClick(android.view.View) -> onClick
com.jwkj.adapter.MainAdapter$16 -> com.jwkj.adapter.al:
    com.jwkj.adapter.MainAdapter this$0 -> a
    com.jwkj.entity.LocalDevice val$apdevice -> b
    void onClick(android.view.View) -> onClick
com.jwkj.adapter.MainAdapter$17 -> com.jwkj.adapter.am:
    com.jwkj.adapter.MainAdapter this$0 -> a
    com.jwkj.entity.LocalDevice val$apdevice -> b
    com.jwkj.adapter.MainAdapter$ViewHolder3 val$holder3 -> c
    void onClick(android.view.View) -> onClick
com.jwkj.adapter.MainAdapter$18 -> com.jwkj.adapter.an:
    com.jwkj.adapter.MainAdapter this$0 -> a
    com.jwkj.entity.LocalDevice val$apdevice -> b
    void onClick(android.view.View) -> onClick
com.jwkj.adapter.MainAdapter$19 -> com.jwkj.adapter.ao:
    com.jwkj.adapter.MainAdapter this$0 -> a
    com.jwkj.entity.LocalDevice val$apdevice -> b
    void onClick(android.view.View) -> onClick
com.jwkj.adapter.MainAdapter$2 -> com.jwkj.adapter.ap:
    com.jwkj.adapter.MainAdapter this$0 -> a
    com.jwkj.data.Contact val$contact -> b
    void onClick(android.view.View) -> onClick