com.yoosee/proguard/usage.txt
com.yoosee.BuildConfig
com.yoosee.Manifest
com.yoosee.Manifest$permission
com.yoosee.R:
    10:10:public R()
com.yoosee.R$anim
com.yoosee.R$array
com.yoosee.R$attr
com.yoosee.R$color
com.yoosee.R$dimen
com.yoosee.R$drawable
com.yoosee.R$id
com.yoosee.R$layout
com.yoosee.R$raw
com.yoosee.R$string
com.yoosee.R$style
com.yoosee.R$styleable:
    public static final int DrableButton_drawableid
    public static final int DrableButton_drawableidp
    public static final int DrableButton_orientation
    public static final int DrableButton_textcolor
    public static final int DrableButton_textcolorp
    public static final int DrableButton_textid
    public static final int GlowPadView_alwaysTrackFinger
    public static final int GlowPadView_android_gravity
    public static final int GlowPadView_directionDescriptions
    public static final int GlowPadView_feedbackCount
    public static final int GlowPadView_glowRadius
    public static final int GlowPadView_handleDrawable
    public static final int GlowPadView_innerRadius
    public static final int GlowPadView_outerRadius
    public static final int GlowPadView_outerRingDrawable
    public static final int GlowPadView_pointDrawable
    public static final int GlowPadView_snapMargin
    public static final int GlowPadView_targetDescriptions
    public static final int GlowPadView_targetDrawables
    public static final int GlowPadView_vibrationDuration
    public static final int ImageviewTextView_it_drawableid
    public static final int ImageviewTextView_it_drawableidp
    public static final int ImageviewTextView_it_drawableidup
    public static final int ImageviewTextView_it_orientation
    public static final int ImageviewTextView_it_textcolor
    public static final int ImageviewTextView_it_textcolorp
...
android.support.annotation.Nullable
android.support.annotation.PluralsRes
android.support.annotation.RawRes
android.support.annotation.StringDef
android.support.annotation.StringRes
android.support.annotation.StyleRes
android.support.annotation.StyleableRes
android.support.annotation.XmlRes
com.google.zxing.BarcodeFormat:
    85:85:public java.lang.String getName()
    93:100:public static com.google.zxing.BarcodeFormat valueOf(java.lang.String)
com.google.zxing.Binarizer
com.google.zxing.BinaryBitmap
com.google.zxing.ChecksumException
com.google.zxing.DecodeHintType
com.google.zxing.FormatException
com.google.zxing.LuminanceSource
com.google.zxing.MultiFormatReader
com.google.zxing.NotFoundException
com.google.zxing.Reader
com.google.zxing.ReaderException
com.google.zxing.Result
com.google.zxing.ResultMetadataType
com.google.zxing.ResultPoint
com.google.zxing.ResultPointCallback
com.google.zxing.Writer:
    public abstract com.google.zxing.common.BitMatrix encode(java.lang.String,com.google.zxing.BarcodeFormat,int,int)
com.google.zxing.client.result.AbstractDoCoMoResultParser
com.google.zxing.client.result.AddressBookAUResultParser
com.google.zxing.client.result.AddressBookDoCoMoResultParser
com.google.zxing.client.result.AddressBookParsedResult
com.google.zxing.client.result.BizcardResultParser
com.google.zxing.client.result.BookmarkDoCoMoResultParser
com.google.zxing.client.result.CalendarParsedResult
com.google.zxing.client.result.EmailAddressParsedResult
com.google.zxing.client.result.EmailAddressResultParser
com.google.zxing.client.result.EmailDoCoMoResultParser
com.google.zxing.client.result.ExpandedProductParsedResult
com.google.zxing.client.result.ExpandedProductResultParser
com.google.zxing.client.result.GeoParsedResult
com.google.zxing.client.result.GeoResultParser
com.google.zxing.client.result.ISBNParsedResult
com.google.zxing.client.result.ISBNResultParser
com.google.zxing.client.result.ParsedResult
com.google.zxing.client.result.ParsedResultType
com.google.zxing.client.result.ProductParsedResult
com.google.zxing.client.result.ProductResultParser
com.google.zxing.client.result.ResultParser
com.google.zxing.client.result.SMSMMSResultParser
com.google.zxing.client.result.SMSParsedResult
com.google.zxing.client.result.SMSTOMMSTOResultParser
com.google.zxing.client.result.TelParsedResult
com.google.zxing.client.result.TelResultParser
com.google.zxing.client.result.TextParsedResult
com.google.zxing.client.result.URIParsedResult
com.google.zxing.client.result.URIResultParser
com.google.zxing.client.result.URLTOResultParser
com.google.zxing.client.result.VCardResultParser
com.google.zxing.client.result.VEventResultParser
com.google.zxing.client.result.WifiParsedResult
com.google.zxing.client.result.WifiResultParser
com.google.zxing.client.result.optional.AbstractNDEFResultParser
com.google.zxing.client.result.optional.NDEFRecord
com.google.zxing.client.result.optional.NDEFSmartPosterParsedResult
com.google.zxing.client.result.optional.NDEFSmartPosterResultParser
com.google.zxing.client.result.optional.NDEFTextResultParser
com.google.zxing.client.result.optional.NDEFURIResultParser
com.google.zxing.common.BitArray:
    38:41:public BitArray(int)
    73:74:public void set(int)
    82:83:public void flip(int)
    93:94:public void setBulk(int,int)
    100:104:public void clear()
    116:144:public boolean isRange(int,int,boolean)
    215:215:public int[] getBitArray()
    222:230:public void reverse()
com.google.zxing.common.BitMatrix:
    44:45:public BitMatrix(int)
    76:78:public void set(int,int)
    87:89:public void flip(int,int)
    95:99:public void clear()
    138:145:public com.google.zxing.common.BitArray getRow(int,com.google.zxing.common.BitArray)
    154:170:public int[] getTopLeftOnBit()
com.google.zxing.common.BitSource